<?xml version="1.0" encoding="UTF-8"?>
<!-- Generated by org.testng.reporters.JUnitReportReporter -->
<testsuite hostname="prvlenovo" failures="0" tests="2" name="testScript.AdminUsersTest" time="8.198" errors="0" timestamp="2025-04-08T00:29:23 IST" skipped="0">
  <testcase classname="testScript.AdminUsersTest" name="verifyUsercanCreateAdminUser" time="4.935"/>
  <testcase classname="testScript.AdminUsersTest" name="searchCreatedAdminUser" time="3.263"/>
</testsuite> <!-- testScript.AdminUsersTest -->
