<?xml version="1.0" encoding="UTF-8"?>
<!-- Generated by org.testng.reporters.JUnitReportReporter -->
<testsuite hostname="prvlenovo" failures="0" tests="1" name="supermarketBasics.HomeTest" time="4.083" errors="0" timestamp="2025-03-21T10:30:51 IST" skipped="0">
  <testcase classname="supermarketBasics.HomeTest" name="whetherUserisAbletoLogout" time="4.083"/>
</testsuite> <!-- supermarketBasics.HomeTest -->
