<?xml version="1.0" encoding="UTF-8"?>
<!-- Generated by org.testng.reporters.JUnitReportReporter -->
<testsuite hostname="prvlenovo" failures="0" tests="2" name="testScript.SubCategoryTest" time="11.435" errors="0" timestamp="2025-04-07T19:53:34 IST" skipped="0">
  <testcase classname="testScript.SubCategoryTest" name="clickonSubCategory" time="7.277"/>
  <testcase classname="testScript.SubCategoryTest" name="clickonSeachSubCategory" time="4.158"/>
</testsuite> <!-- testScript.SubCategoryTest -->
