<?xml version="1.0" encoding="UTF-8"?>
<!-- Generated by org.testng.reporters.JUnitReportReporter -->
<testsuite hostname="prvlenovo" failures="0" tests="1" name="supermarketBasics.SubCategoryTest" time="5.875" errors="0" timestamp="2025-03-20T10:24:11 IST" skipped="0">
  <testcase classname="supermarketBasics.SubCategoryTest" name="clickonSubCategory" time="5.875"/>
</testsuite> <!-- supermarketBasics.SubCategoryTest -->
