<?xml version="1.0" encoding="UTF-8"?>
<!-- Generated by org.testng.reporters.JUnitReportReporter -->
<testsuite hostname="prvlenovo" failures="0" tests="1" name="testScript.HomeTest" time="6.480" errors="0" timestamp="2025-04-03T10:57:58 IST" skipped="0">
  <testcase classname="testScript.HomeTest" name="whetherUserisAbletoLogout" time="6.480"/>
</testsuite> <!-- testScript.HomeTest -->
