<?xml version="1.0" encoding="UTF-8"?>
<!-- Generated by org.testng.reporters.JUnitReportReporter -->
<testsuite hostname="prvlenovo" failures="0" tests="2" name="testScript.ManageNewsTest" time="6.848" errors="0" timestamp="2025-04-08T00:43:34 IST" skipped="0">
  <testcase classname="testScript.ManageNewsTest" name="clickonManageNews" time="3.593"/>
  <testcase classname="testScript.ManageNewsTest" name="clickonSearchManageNews" time="3.255"/>
</testsuite> <!-- testScript.ManageNewsTest -->
