<?xml version="1.0" encoding="UTF-8"?>
<!-- Generated by org.testng.reporters.JUnitReportReporter -->
<testsuite hostname="prvlenovo" failures="0" tests="2" name="supermarketBasics.ManageNewsTest" time="7.939" errors="0" timestamp="2025-03-21T00:30:36 IST" skipped="0">
  <testcase classname="supermarketBasics.ManageNewsTest" name="clickonSearchManageNews" time="3.364"/>
  <testcase classname="supermarketBasics.ManageNewsTest" name="clickonManageNews" time="4.575"/>
</testsuite> <!-- supermarketBasics.ManageNewsTest -->
